<?xml version="1.0" encoding="UTF-8"?>
<testng-results ignored="0" total="1" passed="1" failed="0" skipped="0">
  <reporter-output>
  </reporter-output>
  <suite started-at="2024-07-31T10:26:34 IST" name="Default suite" finished-at="2024-07-31T10:26:34 IST" duration-ms="101">
    <groups>
    </groups>
    <test started-at="2024-07-31T10:26:34 IST" name="Default test" finished-at="2024-07-31T10:26:34 IST" duration-ms="101">
      <class name="bb.Sample_Test">
        <test-method signature="delTest()[pri:0, instance:bb.Sample_Test@6bd61f98]" started-at="2024-07-31T10:26:34 IST" name="delTest" finished-at="2024-07-31T10:26:34 IST" duration-ms="14" status="PASS">
          <reporter-output>
          </reporter-output>
        </test-method> <!-- delTest -->
      </class> <!-- bb.Sample_Test -->
    </test> <!-- Default test -->
  </suite> <!-- Default suite -->
</testng-results>
